<?xml version="1.0" encoding="UTF-8"?>
<!-- Generated by org.testng.reporters.JUnitReportReporter -->
<testsuite hostname="LAPTOP-K51H7RVG" failures="0" tests="1" name="com.KalcyBook_App.testCases.TC_RECEIPT_Delete_Page_Test_11" time="30.381" errors="0" timestamp="22 Mar 2023 06:14:21 GMT" skipped="0">
  <testcase classname="com.KalcyBook_App.testCases.TC_RECEIPT_Delete_Page_Test_11" name="RECEIPT_Delete_Page_test" time="30.381"/>
</testsuite> <!-- com.KalcyBook_App.testCases.TC_RECEIPT_Delete_Page_Test_11 -->
