<?xml version="1.0" encoding="UTF-8"?>
<!-- Generated by org.testng.reporters.JUnitReportReporter -->
<testsuite hostname="LAPTOP-K51H7RVG" failures="0" tests="1" name="com.KalcyBook_App.testCases.TC_DownloadPayment_page_Test_007" time="19.177" errors="0" timestamp="08 Mar 2023 12:59:09 GMT" skipped="0">
  <testcase classname="com.KalcyBook_App.testCases.TC_DownloadPayment_page_Test_007" name="DownloadPayment_pagetest" time="19.177"/>
</testsuite> <!-- com.KalcyBook_App.testCases.TC_DownloadPayment_page_Test_007 -->
