<?xml version="1.0" encoding="UTF-8"?>
<!-- Generated by org.testng.reporters.JUnitReportReporter -->
<testsuite hostname="LAPTOP-K51H7RVG" failures="0" tests="1" name="com.KalcyBook_App.testCases.TC_INVOICE_Page_Test_15" time="110.553" errors="0" timestamp="27 Mar 2023 07:20:24 GMT" skipped="0">
  <testcase classname="com.KalcyBook_App.testCases.TC_INVOICE_Page_Test_15" name="INVOICE_Page_test" time="110.553"/>
</testsuite> <!-- com.KalcyBook_App.testCases.TC_INVOICE_Page_Test_15 -->
