<?xml version="1.0" encoding="UTF-8"?>
<!-- Generated by org.testng.reporters.JUnitReportReporter -->
<testsuite hostname="LAPTOP-K51H7RVG" failures="0" tests="1" name="com.KalcyBook_App.testCases.TC_Send_Paymentpage_Test_008" time="21.530" errors="0" timestamp="08 Mar 2023 12:59:09 GMT" skipped="0">
  <testcase classname="com.KalcyBook_App.testCases.TC_Send_Paymentpage_Test_008" name="Send_Paymentpage_Test" time="21.530"/>
</testsuite> <!-- com.KalcyBook_App.testCases.TC_Send_Paymentpage_Test_008 -->
