<?xml version="1.0" encoding="UTF-8"?>
<!-- Generated by org.testng.reporters.JUnitReportReporter -->
<testsuite hostname="LAPTOP-K51H7RVG" failures="0" tests="1" name="com.KalcyBook_App.testCases.TC_Addpaymenttest_004" time="60.468" errors="0" timestamp="22 Mar 2023 06:06:20 GMT" skipped="0">
  <testcase classname="com.KalcyBook_App.testCases.TC_Addpaymenttest_004" name="addpaymenttest" time="60.468"/>
</testsuite> <!-- com.KalcyBook_App.testCases.TC_Addpaymenttest_004 -->
