<?xml version="1.0" encoding="UTF-8"?>
<!-- Generated by org.testng.reporters.JUnitReportReporter -->
<testsuite hostname="LAPTOP-K51H7RVG" failures="0" tests="1" name="com.KalcyBook_App.testCases.TC_Bank_Details_Upload_Page_Test_14" time="39.410" errors="0" timestamp="23 Mar 2023 09:13:00 GMT" skipped="0">
  <testcase classname="com.KalcyBook_App.testCases.TC_Bank_Details_Upload_Page_Test_14" name="Edit_Receipt_Icon_Page_test" time="39.410"/>
</testsuite> <!-- com.KalcyBook_App.testCases.TC_Bank_Details_Upload_Page_Test_14 -->
