<?xml version="1.0" encoding="UTF-8"?>
<!-- Generated by org.testng.reporters.JUnitReportReporter -->
<testsuite hostname="LAPTOP-K51H7RVG" failures="0" tests="1" name="com.KalcyBook_App.testCases.TC_Payment_List_Page_Show_Entries_Test_010" time="47.289" errors="0" timestamp="08 Mar 2023 12:59:09 GMT" skipped="0">
  <testcase classname="com.KalcyBook_App.testCases.TC_Payment_List_Page_Show_Entries_Test_010" name="Payment_List_Page_Show_Entries" time="47.289"/>
</testsuite> <!-- com.KalcyBook_App.testCases.TC_Payment_List_Page_Show_Entries_Test_010 -->
