<?xml version="1.0" encoding="UTF-8"?>
<!-- Generated by org.testng.reporters.JUnitReportReporter -->
<testsuite hostname="LAPTOP-K51H7RVG" failures="0" tests="1" name="com.KalcyBook_App.testCases.TC_RECEIPT_Edit_Receipt_Icon_Page_Test_13" time="54.985" errors="0" timestamp="22 Mar 2023 11:30:29 GMT" skipped="0">
  <testcase classname="com.KalcyBook_App.testCases.TC_RECEIPT_Edit_Receipt_Icon_Page_Test_13" name="Edit_Receipt_Icon_Page_test" time="54.985"/>
</testsuite> <!-- com.KalcyBook_App.testCases.TC_RECEIPT_Edit_Receipt_Icon_Page_Test_13 -->
