<?xml version="1.0" encoding="UTF-8"?>
<!-- Generated by org.testng.reporters.JUnitReportReporter -->
<testsuite hostname="LAPTOP-K51H7RVG" failures="0" tests="1" name="com.KalcyBook_App.testCases.TC_Addpaymenttest_004" time="66.190" errors="0" timestamp="07 Apr 2023 09:34:10 GMT" skipped="0">
  <testcase classname="com.KalcyBook_App.testCases.TC_Addpaymenttest_004" name="addpaymenttest" time="66.190"/>
</testsuite> <!-- com.KalcyBook_App.testCases.TC_Addpaymenttest_004 -->
